<?xml version="1.0" encoding="UTF-8"?>
<testsuite xmlns:xsi="http://www.w3.org/2001/XMLSchema-instance" xsi:noNamespaceSchemaLocation="https://maven.apache.org/surefire/maven-surefire-plugin/xsd/surefire-test-report-3.0.xsd" version="3.0" name="com.example.radar.RadarControllerTest" time="2.477" tests="2" errors="0" skipped="0" failures="0">
  <properties>
[...]
</properties>
  <testcase name="testGetSweepData" classname="com.example.radar.RadarControllerTest" time="0.465">
    <system-out><![CDATA[15:47:42.036 [main] INFO org.springframework.test.context.support.AnnotationConfigContextLoaderUtils -- Could not detect default configuration classes for test class [com.example.radar.RadarControllerTest]: RadarControllerTest does not declare any static, non-private, non-final, nested classes annotated with @Configuration.
15:47:42.161 [main] INFO org.springframework.boot.test.context.SpringBootTestContextBootstrapper -- Found @SpringBootConfiguration com.example.radar.RadarApplication for test class com.example.radar.RadarControllerTest

  .   ____          _            __ _ _
 /\\ / ___'_ __ _ _(_)_ __  __ _ \ \ \ \
( ( )\___ | '_ | '_| | '_ \/ _` | \ \ \ \
 \\/  ___)| |_)| | | | | || (_| |  ) ) ) )
  '  |____| .__|_| |_|_| |_\__, | / / / /
 =========|_|==============|___/=/_/_/_/

 :: Spring Boot ::                (v3.3.4)

2025-10-15T15:47:42.623+05:30  INFO 25812 --- [arduino-radar-backend] [           main] com.example.radar.RadarControllerTest    : Starting RadarControllerTest using Java 24.0.2 with PID 25812 (started by Dilip Kumar in C:\Users\Dilip Kumar\Downloads\arduino-radar-dashboard\arduino-radar-backend)
2025-10-15T15:47:42.627+05:30  INFO 25812 --- [arduino-radar-backend] [           main] com.example.radar.RadarControllerTest    : No active profile set, falling back to 1 default profile: "default"
2025-10-15T15:47:43.899+05:30  INFO 25812 --- [arduino-radar-backend] [           main] com.example.radar.RadarControllerTest    : Started RadarControllerTest in 1.607 seconds (process running for 2.436)
]]></system-out>
    <system-err><![CDATA[WARNING: A Java agent has been loaded dynamically (C:\Users\Dilip Kumar\.m2\repository\net\bytebuddy\byte-buddy-agent\1.14.19\byte-buddy-agent-1.14.19.jar)
WARNING: If a serviceability tool is in use, please run with -XX:+EnableDynamicAgentLoading to hide this warning
WARNING: If a serviceability tool is not in use, please run with -Djdk.instrument.traceUsage for more information
WARNING: Dynamic loading of agents will be disallowed by default in a future release
]]></system-err>
  </testcase>
  <testcase name="testGetDistanceData" classname="com.example.radar.RadarControllerTest" time="0.005"/>
</testsuite>